<?xml version="1.0" encoding="UTF-8"?>
<!-- Generated by org.testng.reporters.JUnitXMLReporter -->
<testsuite ignored="0" hostname="BumbleBee" failures="1" tests="2" name="Error Validation" time="16.623" errors="0" timestamp="2022-09-21T19:20:53 IST">
  <testcase classname="rudraAcademy.errorValidation" name="loginPageValidation" time="0.657">
    <failure type="java.lang.AssertionError" message="expected [Incorrect email or password.] but found [Incorrect email or1 password.]">
      <![CDATA[java.lang.AssertionError: expected [Incorrect email or password.] but found [Incorrect email or1 password.]
at rudraAcademy.errorValidation.loginPageValidation(errorValidation.java:25)
at java.base/java.util.ArrayList.forEach(ArrayList.java:1511)
at java.base/java.util.concurrent.FutureTask.run(FutureTask.java:264)
at java.base/java.util.concurrent.ThreadPoolExecutor.runWorker(ThreadPoolExecutor.java:1130)
at java.base/java.util.concurrent.ThreadPoolExecutor$Worker.run(ThreadPoolExecutor.java:630)
at java.base/java.lang.Thread.run(Thread.java:831)
... Removed 24 stack frames]]>
    </failure>
  </testcase> <!-- loginPageValidation -->
  <testcase classname="rudraAcademy.errorValidation" name="prodctValidation" time="2.815"/>
</testsuite> <!-- Error Validation -->
